<?xml version="1.0" encoding="utf-8"?>
<CoverageSession>
    <Summary numSequencePoints="400" visitedSequencePoints="370" numBranchPoints="46" visitedBranchPoints="38"
             sequenceCoverage="92.5" branchCoverage="82.6" maxCyclomaticComplexity="163" minCyclomaticComplexity="163"
             visitedClasses="48" numClasses="49" visitedMethods="121" numMethods="133"/>
    <Modules>
        <Module hash="D578259F-962F-4B73-9DBF-DC49AFBB8255">
            <ModulePath>ForkEat.Core.dll</ModulePath>
            <ModuleTime>2021-09-29T08:30:51</ModuleTime>
            <ModuleName>ForkEat.Core</ModuleName>
            <Files>
                <File uid="1"
                      fullPath="/Users/marion/Documents/EFREI/M2/Tranverse/server/ForkEat/ForkEat.Core/Services/AuthenticationService.cs"/>
                <File uid="2"
                      fullPath="/Users/marion/Documents/EFREI/M2/Tranverse/server/ForkEat/ForkEat.Core/Services/ProductService.cs"/>
                <File uid="3"
                      fullPath="/Users/marion/Documents/EFREI/M2/Tranverse/server/ForkEat/ForkEat.Core/Services/RecipeService.cs"/>
                <File uid="4"
                      fullPath="/Users/marion/Documents/EFREI/M2/Tranverse/server/ForkEat/ForkEat.Core/Services/StockService.cs"/>
                <File uid="5"
                      fullPath="/Users/marion/Documents/EFREI/M2/Tranverse/server/ForkEat/ForkEat.Core/Services/UnitService.cs"/>
                <File uid="6"
                      fullPath="/Users/marion/Documents/EFREI/M2/Tranverse/server/ForkEat/ForkEat.Core/Exceptions/PasswordValidationException.cs"/>
                <File uid="7"
                      fullPath="/Users/marion/Documents/EFREI/M2/Tranverse/server/ForkEat/ForkEat.Core/Domain/Ingredient.cs"/>
                <File uid="8"
                      fullPath="/Users/marion/Documents/EFREI/M2/Tranverse/server/ForkEat/ForkEat.Core/Domain/PasswordValidator.cs"/>
                <File uid="9"
                      fullPath="/Users/marion/Documents/EFREI/M2/Tranverse/server/ForkEat/ForkEat.Core/Domain/Product.cs"/>
                <File uid="10"
                      fullPath="/Users/marion/Documents/EFREI/M2/Tranverse/server/ForkEat/ForkEat.Core/Domain/Recipe.cs"/>
                <File uid="11"
                      fullPath="/Users/marion/Documents/EFREI/M2/Tranverse/server/ForkEat/ForkEat.Core/Domain/Step.cs"/>
                <File uid="12"
                      fullPath="/Users/marion/Documents/EFREI/M2/Tranverse/server/ForkEat/ForkEat.Core/Domain/User.cs"/>
                <File uid="13"
                      fullPath="/Users/marion/Documents/EFREI/M2/Tranverse/server/ForkEat/ForkEat.Core/Contracts/CreateIngredientRequest.cs"/>
                <File uid="14"
                      fullPath="/Users/marion/Documents/EFREI/M2/Tranverse/server/ForkEat/ForkEat.Core/Contracts/CreateRecipeRequest.cs"/>
                <File uid="15"
                      fullPath="/Users/marion/Documents/EFREI/M2/Tranverse/server/ForkEat/ForkEat.Core/Contracts/CreateStepRequest.cs"/>
                <File uid="16"
                      fullPath="/Users/marion/Documents/EFREI/M2/Tranverse/server/ForkEat/ForkEat.Core/Contracts/CreateUpdateProductRequest.cs"/>
                <File uid="17"
                      fullPath="/Users/marion/Documents/EFREI/M2/Tranverse/server/ForkEat/ForkEat.Core/Contracts/CreateUpdateStockRequest.cs"/>
                <File uid="18"
                      fullPath="/Users/marion/Documents/EFREI/M2/Tranverse/server/ForkEat/ForkEat.Core/Contracts/CreateUpdateUnitRequest.cs"/>
                <File uid="19"
                      fullPath="/Users/marion/Documents/EFREI/M2/Tranverse/server/ForkEat/ForkEat.Core/Contracts/GetIngredientResponse.cs"/>
                <File uid="20"
                      fullPath="/Users/marion/Documents/EFREI/M2/Tranverse/server/ForkEat/ForkEat.Core/Contracts/GetRecipesResponse.cs"/>
                <File uid="21"
                      fullPath="/Users/marion/Documents/EFREI/M2/Tranverse/server/ForkEat/ForkEat.Core/Contracts/GetRecipeWithStepsAndIngredientsResponse.cs"/>
                <File uid="22"
                      fullPath="/Users/marion/Documents/EFREI/M2/Tranverse/server/ForkEat/ForkEat.Core/Contracts/GetStepResponse.cs"/>
                <File uid="23"
                      fullPath="/Users/marion/Documents/EFREI/M2/Tranverse/server/ForkEat/ForkEat.Core/Contracts/LoginUserRequest.cs"/>
                <File uid="24"
                      fullPath="/Users/marion/Documents/EFREI/M2/Tranverse/server/ForkEat/ForkEat.Core/Contracts/LoginUserResponse.cs"/>
                <File uid="25"
                      fullPath="/Users/marion/Documents/EFREI/M2/Tranverse/server/ForkEat/ForkEat.Core/Contracts/RegisterUserRequest.cs"/>
                <File uid="26"
                      fullPath="/Users/marion/Documents/EFREI/M2/Tranverse/server/ForkEat/ForkEat.Core/Contracts/RegisterUserResponse.cs"/>
                <File uid="27"
                      fullPath="/Users/marion/Documents/EFREI/M2/Tranverse/server/ForkEat/ForkEat.Core/Contracts/StockResponse.cs"/>
                <File uid="28"
                      fullPath="/Users/marion/Documents/EFREI/M2/Tranverse/server/ForkEat/ForkEat.Core/Contracts/UnitResponse.cs"/>
                <File uid="29"
                      fullPath="/Users/marion/Documents/EFREI/M2/Tranverse/server/ForkEat/ForkEat.Core/Domain/Stock.cs"/>
                <File uid="30"
                      fullPath="/Users/marion/Documents/EFREI/M2/Tranverse/server/ForkEat/ForkEat.Core/Domain/Unit.cs"/>
            </Files>
            <Classes>
                <Class>
                    <Summary numSequencePoints="32" visitedSequencePoints="30" numBranchPoints="8"
                             visitedBranchPoints="5" sequenceCoverage="93.75" branchCoverage="62.5"
                             maxCyclomaticComplexity="4" minCyclomaticComplexity="1" visitedClasses="1" numClasses="1"
                             visitedMethods="5" numMethods="5"/>
                    <FullName>ForkEat.Core.Services.AuthenticationService</FullName>
                    <Methods>
                        <Method cyclomaticComplexity="1" nPathComplexity="1" sequenceCoverage="100" branchCoverage="100"
                                isConstructor="False" isGetter="False" isSetter="False" isStatic="True">
                            <Summary numSequencePoints="12" visitedSequencePoints="12" numBranchPoints="0"
                                     visitedBranchPoints="0" sequenceCoverage="100" branchCoverage="100"
                                     maxCyclomaticComplexity="1" minCyclomaticComplexity="1" visitedClasses="0"
                                     numClasses="0" visitedMethods="1" numMethods="1"/>
                            <MetadataToken/>
                            <Name>Microsoft.IdentityModel.Tokens.SecurityTokenDescriptor
                                ForkEat.Core.Services.AuthenticationService::BuildTokenDescriptor(ForkEat.Core.Domain.User,System.Byte[])
                            </Name>
                            <FileRef uid="1"/>
                            <SequencePoints>
                                <SequencePoint vc="1" uspid="49" ordinal="0" sl="49" sc="1" el="49" ec="2" bec="0"
                                               bev="0" fileid="1"/>
                                <SequencePoint vc="1" uspid="50" ordinal="1" sl="50" sc="1" el="50" ec="2" bec="0"
                                               bev="0" fileid="1"/>
                                <SequencePoint vc="1" uspid="51" ordinal="2" sl="51" sc="1" el="51" ec="2" bec="0"
                                               bev="0" fileid="1"/>
                                <SequencePoint vc="1" uspid="52" ordinal="3" sl="52" sc="1" el="52" ec="2" bec="0"
                                               bev="0" fileid="1"/>
                                <SequencePoint vc="1" uspid="53" ordinal="4" sl="53" sc="1" el="53" ec="2" bec="0"
                                               bev="0" fileid="1"/>
                                <SequencePoint vc="1" uspid="54" ordinal="5" sl="54" sc="1" el="54" ec="2" bec="0"
                                               bev="0" fileid="1"/>
                                <SequencePoint vc="1" uspid="55" ordinal="6" sl="55" sc="1" el="55" ec="2" bec="0"
                                               bev="0" fileid="1"/>
                                <SequencePoint vc="1" uspid="56" ordinal="7" sl="56" sc="1" el="56" ec="2" bec="0"
                                               bev="0" fileid="1"/>
                                <SequencePoint vc="1" uspid="57" ordinal="8" sl="57" sc="1" el="57" ec="2" bec="0"
                                               bev="0" fileid="1"/>
                                <SequencePoint vc="1" uspid="58" ordinal="9" sl="58" sc="1" el="58" ec="2" bec="0"
                                               bev="0" fileid="1"/>
                                <SequencePoint vc="1" uspid="59" ordinal="10" sl="59" sc="1" el="59" ec="2" bec="0"
                                               bev="0" fileid="1"/>
                                <SequencePoint vc="1" uspid="60" ordinal="11" sl="60" sc="1" el="60" ec="2" bec="0"
                                               bev="0" fileid="1"/>
                            </SequencePoints>
                            <BranchPoints/>
                            <MethodPoint vc="12" uspid="0" p8:type="SequencePoint" ordinal="0" offset="0" sc="0" sl="49"
                                         ec="1" el="60" bec="0" bev="0" fileid="1" xmlns:p8="xsi"/>
                        </Method>
                        <Method cyclomaticComplexity="2" nPathComplexity="2" sequenceCoverage="100" branchCoverage="50"
                                isConstructor="False" isGetter="False" isSetter="False" isStatic="True">
                            <Summary numSequencePoints="4" visitedSequencePoints="4" numBranchPoints="2"
                                     visitedBranchPoints="1" sequenceCoverage="100" branchCoverage="50"
                                     maxCyclomaticComplexity="2" minCyclomaticComplexity="2" visitedClasses="0"
                                     numClasses="0" visitedMethods="1" numMethods="1"/>
                            <MetadataToken/>
                            <Name>System.Byte[] ForkEat.Core.Services.AuthenticationService::GetJwtSecretFromEnv()
                            </Name>
                            <FileRef uid="1"/>
                            <SequencePoints>
                                <SequencePoint vc="1" uspid="63" ordinal="0" sl="63" sc="1" el="63" ec="2" bec="0"
                                               bev="0" fileid="1"/>
                                <SequencePoint vc="1" uspid="64" ordinal="1" sl="64" sc="1" el="64" ec="2" bec="2"
                                               bev="1" fileid="1"/>
                                <SequencePoint vc="1" uspid="65" ordinal="2" sl="65" sc="1" el="65" ec="2" bec="0"
                                               bev="0" fileid="1"/>
                                <SequencePoint vc="1" uspid="66" ordinal="3" sl="66" sc="1" el="66" ec="2" bec="0"
                                               bev="0" fileid="1"/>
                            </SequencePoints>
                            <BranchPoints>
                                <BranchPoint vc="0" uspid="64" ordinal="0" path="0" offset="17" offsetend="19" sl="64"
                                             fileid="1"/>
                                <BranchPoint vc="1" uspid="64" ordinal="1" path="1" offset="17" offsetend="31" sl="64"
                                             fileid="1"/>
                            </BranchPoints>
                            <MethodPoint vc="4" uspid="0" p8:type="SequencePoint" ordinal="1" offset="1" sc="0" sl="63"
                                         ec="1" el="66" bec="0" bev="0" fileid="1" xmlns:p8="xsi"/>
                        </Method>
                        <Method cyclomaticComplexity="4" nPathComplexity="4" sequenceCoverage="100" branchCoverage="75"
                                isConstructor="False" isGetter="False" isSetter="False" isStatic="True">
                            <Summary numSequencePoints="5" visitedSequencePoints="5" numBranchPoints="4"
                                     visitedBranchPoints="3" sequenceCoverage="100" branchCoverage="75"
                                     maxCyclomaticComplexity="4" minCyclomaticComplexity="4" visitedClasses="0"
                                     numClasses="0" visitedMethods="1" numMethods="1"/>
                            <MetadataToken/>
                            <Name>System.Void
                                ForkEat.Core.Services.AuthenticationService::EnsureUserFoundAndPasswordMatch(ForkEat.Core.Contracts.LoginUserRequest,ForkEat.Core.Domain.User)
                            </Name>
                            <FileRef uid="1"/>
                            <SequencePoints>
                                <SequencePoint vc="2" uspid="69" ordinal="0" sl="69" sc="1" el="69" ec="2" bec="0"
                                               bev="0" fileid="1"/>
                                <SequencePoint vc="2" uspid="70" ordinal="1" sl="70" sc="1" el="70" ec="2" bec="4"
                                               bev="3" fileid="1"/>
                                <SequencePoint vc="1" uspid="71" ordinal="2" sl="71" sc="1" el="71" ec="2" bec="0"
                                               bev="0" fileid="1"/>
                                <SequencePoint vc="1" uspid="72" ordinal="3" sl="72" sc="1" el="72" ec="2" bec="0"
                                               bev="0" fileid="1"/>
                                <SequencePoint vc="1" uspid="74" ordinal="4" sl="74" sc="1" el="74" ec="2" bec="0"
                                               bev="0" fileid="1"/>
                            </SequencePoints>
                            <BranchPoints>
                                <BranchPoint vc="2" uspid="70" ordinal="0" path="0" offset="2" offsetend="4" sl="70"
                                             fileid="1"/>
                                <BranchPoint vc="0" uspid="70" ordinal="1" path="1" offset="2" offsetend="26" sl="70"
                                             fileid="1"/>
                                <BranchPoint vc="1" uspid="70" ordinal="2" path="0" offset="29" offsetend="31" sl="70"
                                             fileid="1"/>
                                <BranchPoint vc="1" uspid="70" ordinal="3" path="1" offset="29" offsetend="38" sl="70"
                                             fileid="1"/>
                            </BranchPoints>
                            <MethodPoint vc="5" uspid="0" p8:type="SequencePoint" ordinal="2" offset="2" sc="0" sl="69"
                                         ec="1" el="74" bec="0" bev="0" fileid="1" xmlns:p8="xsi"/>
                        </Method>
                        <Method cyclomaticComplexity="2" nPathComplexity="2" sequenceCoverage="66.66"
                                branchCoverage="50" isConstructor="False" isGetter="False" isSetter="False"
                                isStatic="True">
                            <Summary numSequencePoints="6" visitedSequencePoints="4" numBranchPoints="2"
                                     visitedBranchPoints="1" sequenceCoverage="66.66" branchCoverage="50"
                                     maxCyclomaticComplexity="2" minCyclomaticComplexity="2" visitedClasses="0"
                                     numClasses="0" visitedMethods="1" numMethods="1"/>
                            <MetadataToken/>
                            <Name>System.Void
                                ForkEat.Core.Services.AuthenticationService::EnsurePasswordIsValid(ForkEat.Core.Domain.User)
                            </Name>
                            <FileRef uid="1"/>
                            <SequencePoints>
                                <SequencePoint vc="1" uspid="97" ordinal="0" sl="97" sc="1" el="97" ec="2" bec="0"
                                               bev="0" fileid="1"/>
                                <SequencePoint vc="1" uspid="98" ordinal="1" sl="98" sc="1" el="98" ec="2" bec="0"
                                               bev="0" fileid="1"/>
                                <SequencePoint vc="1" uspid="100" ordinal="2" sl="100" sc="1" el="100" ec="2" bec="2"
                                               bev="1" fileid="1"/>
                                <SequencePoint vc="0" uspid="101" ordinal="3" sl="101" sc="1" el="101" ec="2" bec="0"
                                               bev="0" fileid="1"/>
                                <SequencePoint vc="0" uspid="102" ordinal="4" sl="102" sc="1" el="102" ec="2" bec="0"
                                               bev="0" fileid="1"/>
                                <SequencePoint vc="1" uspid="104" ordinal="5" sl="104" sc="1" el="104" ec="2" bec="0"
                                               bev="0" fileid="1"/>
                            </SequencePoints>
                            <BranchPoints>
                                <BranchPoint vc="0" uspid="100" ordinal="0" path="0" offset="25" offsetend="27" sl="100"
                                             fileid="1"/>
                                <BranchPoint vc="1" uspid="100" ordinal="1" path="1" offset="25" offsetend="39" sl="100"
                                             fileid="1"/>
                            </BranchPoints>
                            <MethodPoint vc="4" uspid="0" p8:type="SequencePoint" ordinal="3" offset="3" sc="0" sl="97"
                                         ec="1" el="104" bec="0" bev="0" fileid="1" xmlns:p8="xsi"/>
                        </Method>
                        <Method cyclomaticComplexity="1" nPathComplexity="1" sequenceCoverage="100" branchCoverage="100"
                                isConstructor="True" isGetter="False" isSetter="False" isStatic="True">
                            <Summary numSequencePoints="5" visitedSequencePoints="5" numBranchPoints="0"
                                     visitedBranchPoints="0" sequenceCoverage="100" branchCoverage="100"
                                     maxCyclomaticComplexity="1" minCyclomaticComplexity="1" visitedClasses="0"
                                     numClasses="0" visitedMethods="1" numMethods="1"/>
                            <MetadataToken/>
                            <Name>System.Void
                                ForkEat.Core.Services.AuthenticationService::.ctor(ForkEat.Core.Repositories.IUserRepository,ForkEat.Core.Domain.IPasswordValidator)
                            </Name>
                            <FileRef uid="1"/>
                            <SequencePoints>
                                <SequencePoint vc="4" uspid="20" ordinal="0" sl="20" sc="1" el="20" ec="2" bec="0"
                                               bev="0" fileid="1"/>
                                <SequencePoint vc="4" uspid="21" ordinal="1" sl="21" sc="1" el="21" ec="2" bec="0"
                                               bev="0" fileid="1"/>
                                <SequencePoint vc="4" uspid="22" ordinal="2" sl="22" sc="1" el="22" ec="2" bec="0"
                                               bev="0" fileid="1"/>
                                <SequencePoint vc="4" uspid="23" ordinal="3" sl="23" sc="1" el="23" ec="2" bec="0"
                                               bev="0" fileid="1"/>
                                <SequencePoint vc="4" uspid="24" ordinal="4" sl="24" sc="1" el="24" ec="2" bec="0"
                                               bev="0" fileid="1"/>
                            </SequencePoints>
                            <BranchPoints/>
                            <MethodPoint vc="5" uspid="0" p8:type="SequencePoint" ordinal="4" offset="4" sc="0" sl="20"
                                         ec="1" el="24" bec="0" bev="0" fileid="1" xmlns:p8="xsi"/>
                        </Method>
                    </Methods>
                </Class>
                <Class>
                    <Summary numSequencePoints="15" visitedSequencePoints="15" numBranchPoints="0"
                             visitedBranchPoints="0" sequenceCoverage="100" branchCoverage="100"
                             maxCyclomaticComplexity="1" minCyclomaticComplexity="1" visitedClasses="1" numClasses="1"
                             visitedMethods="1" numMethods="1"/>
                    <FullName>ForkEat.Core.Services.AuthenticationService/&lt;Login&gt;d__3</FullName>
                    <Methods>
                        <Method cyclomaticComplexity="1" nPathComplexity="1" sequenceCoverage="100" branchCoverage="100"
                                isConstructor="False" isGetter="False" isSetter="False" isStatic="True">
                            <Summary numSequencePoints="15" visitedSequencePoints="15" numBranchPoints="0"
                                     visitedBranchPoints="0" sequenceCoverage="100" branchCoverage="100"
                                     maxCyclomaticComplexity="1" minCyclomaticComplexity="1" visitedClasses="0"
                                     numClasses="0" visitedMethods="1" numMethods="1"/>
                            <MetadataToken/>
                            <Name>System.Void
                                ForkEat.Core.Services.AuthenticationService/&lt;Login&gt;d__3::MoveNext()
                            </Name>
                            <FileRef uid="1"/>
                            <SequencePoints>
                                <SequencePoint vc="2" uspid="27" ordinal="0" sl="27" sc="1" el="27" ec="2" bec="0"
                                               bev="0" fileid="1"/>
                                <SequencePoint vc="2" uspid="28" ordinal="1" sl="28" sc="1" el="28" ec="2" bec="0"
                                               bev="0" fileid="1"/>
                                <SequencePoint vc="2" uspid="30" ordinal="2" sl="30" sc="1" el="30" ec="2" bec="0"
                                               bev="0" fileid="1"/>
                                <SequencePoint vc="1" uspid="32" ordinal="3" sl="32" sc="1" el="32" ec="2" bec="0"
                                               bev="0" fileid="1"/>
                                <SequencePoint vc="1" uspid="33" ordinal="4" sl="33" sc="1" el="33" ec="2" bec="0"
                                               bev="0" fileid="1"/>
                                <SequencePoint vc="1" uspid="35" ordinal="5" sl="35" sc="1" el="35" ec="2" bec="0"
                                               bev="0" fileid="1"/>
                                <SequencePoint vc="1" uspid="36" ordinal="6" sl="36" sc="1" el="36" ec="2" bec="0"
                                               bev="0" fileid="1"/>
                                <SequencePoint vc="1" uspid="38" ordinal="7" sl="38" sc="1" el="38" ec="2" bec="0"
                                               bev="0" fileid="1"/>
                                <SequencePoint vc="1" uspid="39" ordinal="8" sl="39" sc="1" el="39" ec="2" bec="0"
                                               bev="0" fileid="1"/>
                                <SequencePoint vc="1" uspid="40" ordinal="9" sl="40" sc="1" el="40" ec="2" bec="0"
                                               bev="0" fileid="1"/>
                                <SequencePoint vc="1" uspid="41" ordinal="10" sl="41" sc="1" el="41" ec="2" bec="0"
                                               bev="0" fileid="1"/>
                                <SequencePoint vc="1" uspid="42" ordinal="11" sl="42" sc="1" el="42" ec="2" bec="0"
                                               bev="0" fileid="1"/>
                                <SequencePoint vc="1" uspid="43" ordinal="12" sl="43" sc="1" el="43" ec="2" bec="0"
                                               bev="0" fileid="1"/>
                                <SequencePoint vc="1" uspid="45" ordinal="13" sl="45" sc="1" el="45" ec="2" bec="0"
                                               bev="0" fileid="1"/>
                                <SequencePoint vc="1" uspid="46" ordinal="14" sl="46" sc="1" el="46" ec="2" bec="0"
                                               bev="0" fileid="1"/>
                            </SequencePoints>
                            <BranchPoints/>
                            <MethodPoint vc="15" uspid="0" p8:type="SequencePoint" ordinal="0" offset="0" sc="0" sl="27"
                                         ec="1" el="46" bec="0" bev="0" fileid="1" xmlns:p8="xsi"/>
                        </Method>
                    </Methods>
                </Class>
                <Class>
                    <Summary numSequencePoints="13" visitedSequencePoints="13" numBranchPoints="0"
                             visitedBranchPoints="0" sequenceCoverage="100" branchCoverage="100"
                             maxCyclomaticComplexity="1" minCyclomaticComplexity="1" visitedClasses="1" numClasses="1"
                             visitedMethods="1" numMethods="1"/>
                    <FullName>ForkEat.Core.Services.AuthenticationService/&lt;Register&gt;d__7</FullName>
                    <Methods>
                        <Method cyclomaticComplexity="1" nPathComplexity="1" sequenceCoverage="100" branchCoverage="100"
                                isConstructor="False" isGetter="False" isSetter="False" isStatic="True">
                            <Summary numSequencePoints="13" visitedSequencePoints="13" numBranchPoints="0"
                                     visitedBranchPoints="0" sequenceCoverage="100" branchCoverage="100"
                                     maxCyclomaticComplexity="1" minCyclomaticComplexity="1" visitedClasses="0"
                                     numClasses="0" visitedMethods="1" numMethods="1"/>
                            <MetadataToken/>
                            <Name>System.Void ForkEat.Core.Services.AuthenticationService/&lt;Register&gt;d__7::MoveNext()</Name>
                            <FileRef uid="1"/>
                            <SequencePoints>
                                <SequencePoint vc="2" uspid="77" ordinal="0" sl="77" sc="1" el="77" ec="2" bec="0"
                                               bev="0" fileid="1"/>
                                <SequencePoint vc="2" uspid="78" ordinal="1" sl="78" sc="1" el="78" ec="2" bec="0"
                                               bev="0" fileid="1"/>
                                <SequencePoint vc="1" uspid="80" ordinal="2" sl="80" sc="1" el="80" ec="2" bec="0"
                                               bev="0" fileid="1"/>
                                <SequencePoint vc="1" uspid="81" ordinal="3" sl="81" sc="1" el="81" ec="2" bec="0"
                                               bev="0" fileid="1"/>
                                <SequencePoint vc="1" uspid="82" ordinal="4" sl="82" sc="1" el="82" ec="2" bec="0"
                                               bev="0" fileid="1"/>
                                <SequencePoint vc="1" uspid="83" ordinal="5" sl="83" sc="1" el="83" ec="2" bec="0"
                                               bev="0" fileid="1"/>
                                <SequencePoint vc="1" uspid="84" ordinal="6" sl="84" sc="1" el="84" ec="2" bec="0"
                                               bev="0" fileid="1"/>
                                <SequencePoint vc="1" uspid="85" ordinal="7" sl="85" sc="1" el="85" ec="2" bec="0"
                                               bev="0" fileid="1"/>
                                <SequencePoint vc="1" uspid="87" ordinal="8" sl="87" sc="1" el="87" ec="2" bec="0"
                                               bev="0" fileid="1"/>
                                <SequencePoint vc="1" uspid="89" ordinal="9" sl="89" sc="1" el="89" ec="2" bec="0"
                                               bev="0" fileid="1"/>
                                <SequencePoint vc="1" uspid="91" ordinal="10" sl="91" sc="1" el="91" ec="2" bec="0"
                                               bev="0" fileid="1"/>
                                <SequencePoint vc="1" uspid="93" ordinal="11" sl="93" sc="1" el="93" ec="2" bec="0"
                                               bev="0" fileid="1"/>
                                <SequencePoint vc="1" uspid="94" ordinal="12" sl="94" sc="1" el="94" ec="2" bec="0"
                                               bev="0" fileid="1"/>
                            </SequencePoints>
                            <BranchPoints/>
                            <MethodPoint vc="13" uspid="0" p8:type="SequencePoint" ordinal="0" offset="0" sc="0" sl="77"
                                         ec="1" el="94" bec="0" bev="0" fileid="1" xmlns:p8="xsi"/>
                        </Method>
                    </Methods>
                </Class>
                <Class>
                    <Summary numSequencePoints="6" visitedSequencePoints="6" numBranchPoints="2" visitedBranchPoints="2"
                             sequenceCoverage="100" branchCoverage="100" maxCyclomaticComplexity="2"
                             minCyclomaticComplexity="2" visitedClasses="1" numClasses="1" visitedMethods="1"
                             numMethods="1"/>
                    <FullName>ForkEat.Core.Services.AuthenticationService/&lt;EnsureUserDoesntExists&gt;d__9</FullName>
                    <Methods>
                        <Method cyclomaticComplexity="2" nPathComplexity="2" sequenceCoverage="100" branchCoverage="100"
                                isConstructor="False" isGetter="False" isSetter="False" isStatic="True">
                            <Summary numSequencePoints="6" visitedSequencePoints="6" numBranchPoints="2"
                                     visitedBranchPoints="2" sequenceCoverage="100" branchCoverage="100"
                                     maxCyclomaticComplexity="2" minCyclomaticComplexity="2" visitedClasses="0"
                                     numClasses="0" visitedMethods="1" numMethods="1"/>
                            <MetadataToken/>
                            <Name>System.Void ForkEat.Core.Services.AuthenticationService/&lt;EnsureUserDoesntExists&gt;d__9::MoveNext()</Name>
                            <FileRef uid="1"/>
                            <SequencePoints>
                                <SequencePoint vc="2" uspid="107" ordinal="0" sl="107" sc="1" el="107" ec="2" bec="0"
                                               bev="0" fileid="1"/>
                                <SequencePoint vc="2" uspid="108" ordinal="1" sl="108" sc="1" el="108" ec="2" bec="0"
                                               bev="0" fileid="1"/>
                                <SequencePoint vc="2" uspid="109" ordinal="2" sl="109" sc="1" el="109" ec="2" bec="2"
                                               bev="2" fileid="1"/>
                                <SequencePoint vc="1" uspid="110" ordinal="3" sl="110" sc="1" el="110" ec="2" bec="0"
                                               bev="0" fileid="1"/>
                                <SequencePoint vc="1" uspid="111" ordinal="4" sl="111" sc="1" el="111" ec="2" bec="0"
                                               bev="0" fileid="1"/>
                                <SequencePoint vc="1" uspid="113" ordinal="5" sl="113" sc="1" el="113" ec="2" bec="0"
                                               bev="0" fileid="1"/>
                            </SequencePoints>
                            <BranchPoints>
                                <BranchPoint vc="1" uspid="109" ordinal="0" path="0" offset="157" offsetend="159"
                                             sl="109" fileid="1"/>
                                <BranchPoint vc="1" uspid="109" ordinal="1" path="1" offset="157" offsetend="192"
                                             sl="109" fileid="1"/>
                            </BranchPoints>
                            <MethodPoint vc="6" uspid="0" p8:type="SequencePoint" ordinal="0" offset="0" sc="0" sl="107"
                                         ec="1" el="113" bec="0" bev="0" fileid="1" xmlns:p8="xsi"/>
                        </Method>
                    </Methods>
                </Class>
                <Class>
                    <Summary numSequencePoints="4" visitedSequencePoints="4" numBranchPoints="0" visitedBranchPoints="0"
                             sequenceCoverage="100" branchCoverage="100" maxCyclomaticComplexity="1"
                             minCyclomaticComplexity="1" visitedClasses="1" numClasses="1" visitedMethods="1"
                             numMethods="1"/>
                    <FullName>ForkEat.Core.Services.ProductService</FullName>
                    <Methods>
                        <Method cyclomaticComplexity="1" nPathComplexity="1" sequenceCoverage="100" branchCoverage="100"
                                isConstructor="True" isGetter="False" isSetter="False" isStatic="True">
                            <Summary numSequencePoints="4" visitedSequencePoints="4" numBranchPoints="0"
                                     visitedBranchPoints="0" sequenceCoverage="100" branchCoverage="100"
                                     maxCyclomaticComplexity="1" minCyclomaticComplexity="1" visitedClasses="0"
                                     numClasses="0" visitedMethods="1" numMethods="1"/>
                            <MetadataToken/>
                            <Name>System.Void
                                ForkEat.Core.Services.ProductService::.ctor(ForkEat.Core.Repositories.IProductRepository)
                            </Name>
                            <FileRef uid="2"/>
                            <SequencePoints>
                                <SequencePoint vc="8" uspid="15" ordinal="0" sl="15" sc="1" el="15" ec="2" bec="0"
                                               bev="0" fileid="2"/>
                                <SequencePoint vc="8" uspid="16" ordinal="1" sl="16" sc="1" el="16" ec="2" bec="0"
                                               bev="0" fileid="2"/>
                                <SequencePoint vc="8" uspid="17" ordinal="2" sl="17" sc="1" el="17" ec="2" bec="0"
                                               bev="0" fileid="2"/>
                                <SequencePoint vc="8" uspid="18" ordinal="3" sl="18" sc="1" el="18" ec="2" bec="0"
                                               bev="0" fileid="2"/>
                            </SequencePoints>
                            <BranchPoints/>
                            <MethodPoint vc="4" uspid="0" p8:type="SequencePoint" ordinal="0" offset="0" sc="0" sl="15"
                                         ec="1" el="18" bec="0" bev="0" fileid="2" xmlns:p8="xsi"/>
                        </Method>
                    </Methods>
                </Class>
                <Class>
                    <Summary numSequencePoints="9" visitedSequencePoints="9" numBranchPoints="0" visitedBranchPoints="0"
                             sequenceCoverage="100" branchCoverage="100" maxCyclomaticComplexity="1"
                             minCyclomaticComplexity="1" visitedClasses="1" numClasses="1" visitedMethods="1"
                             numMethods="1"/>
                    <FullName>ForkEat.Core.Services.ProductService/&lt;CreateProduct&gt;d__2</FullName>
                    <Methods>
                        <Method cyclomaticComplexity="1" nPathComplexity="1" sequenceCoverage="100" branchCoverage="100"
                                isConstructor="False" isGetter="False" isSetter="False" isStatic="True">
                            <Summary numSequencePoints="9" visitedSequencePoints="9" numBranchPoints="0"
                                     visitedBranchPoints="0" sequenceCoverage="100" branchCoverage="100"
                                     maxCyclomaticComplexity="1" minCyclomaticComplexity="1" visitedClasses="0"
                                     numClasses="0" visitedMethods="1" numMethods="1"/>
                            <MetadataToken/>
                            <Name>System.Void
                                ForkEat.Core.Services.ProductService/&lt;CreateProduct&gt;d__2::MoveNext()
                            </Name>
                            <FileRef uid="2"/>
                            <SequencePoints>
                                <SequencePoint vc="1" uspid="21" ordinal="0" sl="21" sc="1" el="21" ec="2" bec="0"
                                               bev="0" fileid="2"/>
                                <SequencePoint vc="1" uspid="22" ordinal="1" sl="22" sc="1" el="22" ec="2" bec="0"
                                               bev="0" fileid="2"/>
                                <SequencePoint vc="1" uspid="23" ordinal="2" sl="23" sc="1" el="23" ec="2" bec="0"
                                               bev="0" fileid="2"/>
                                <SequencePoint vc="1" uspid="24" ordinal="3" sl="24" sc="1" el="24" ec="2" bec="0"
                                               bev="0" fileid="2"/>
                                <SequencePoint vc="1" uspid="25" ordinal="4" sl="25" sc="1" el="25" ec="2" bec="0"
                                               bev="0" fileid="2"/>
                                <SequencePoint vc="1" uspid="26" ordinal="5" sl="26" sc="1" el="26" ec="2" bec="0"
                                               bev="0" fileid="2"/>
                                <SequencePoint vc="1" uspid="27" ordinal="6" sl="27" sc="1" el="27" ec="2" bec="0"
                                               bev="0" fileid="2"/>
                                <SequencePoint vc="1" uspid="29" ordinal="7" sl="29" sc="1" el="29" ec="2" bec="0"
                                               bev="0" fileid="2"/>
                                <SequencePoint vc="1" uspid="30" ordinal="8" sl="30" sc="1" el="30" ec="2" bec="0"
                                               bev="0" fileid="2"/>
                            </SequencePoints>
                            <BranchPoints/>
                            <MethodPoint vc="9" uspid="0" p8:type="SequencePoint" ordinal="0" offset="0" sc="0" sl="21"
                                         ec="1" el="30" bec="0" bev="0" fileid="2" xmlns:p8="xsi"/>
                        </Method>
                    </Methods>
                </Class>
                <Class>
                    <Summary numSequencePoints="4" visitedSequencePoints="4" numBranchPoints="2" visitedBranchPoints="2"
                             sequenceCoverage="100" branchCoverage="100" maxCyclomaticComplexity="2"
                             minCyclomaticComplexity="2" visitedClasses="1" numClasses="1" visitedMethods="1"
                             numMethods="1"/>
                    <FullName>ForkEat.Core.Services.ProductService/&lt;GetProductById&gt;d__3</FullName>
                    <Methods>
                        <Method cyclomaticComplexity="2" nPathComplexity="2" sequenceCoverage="100" branchCoverage="100"
                                isConstructor="False" isGetter="False" isSetter="False" isStatic="True">
                            <Summary numSequencePoints="4" visitedSequencePoints="4" numBranchPoints="2"
                                     visitedBranchPoints="2" sequenceCoverage="100" branchCoverage="100"
                                     maxCyclomaticComplexity="2" minCyclomaticComplexity="2" visitedClasses="0"
                                     numClasses="0" visitedMethods="1" numMethods="1"/>
                            <MetadataToken/>
                            <Name>System.Void ForkEat.Core.Services.ProductService/&lt;GetProductById&gt;d__3::MoveNext()</Name>
                            <FileRef uid="2"/>
                            <SequencePoints>
                                <SequencePoint vc="6" uspid="33" ordinal="0" sl="33" sc="1" el="33" ec="2" bec="0"
                                               bev="0" fileid="2"/>
                                <SequencePoint vc="6" uspid="34" ordinal="1" sl="34" sc="1" el="34" ec="2" bec="0"
                                               bev="0" fileid="2"/>
                                <SequencePoint vc="6" uspid="35" ordinal="2" sl="35" sc="1" el="35" ec="2" bec="2"
                                               bev="2" fileid="2"/>
                                <SequencePoint vc="3" uspid="36" ordinal="3" sl="36" sc="1" el="36" ec="2" bec="0"
                                               bev="0" fileid="2"/>
                            </SequencePoints>
                            <BranchPoints>
                                <BranchPoint vc="3" uspid="35" ordinal="0" path="0" offset="158" offsetend="160" sl="35"
                                             fileid="2"/>
                                <BranchPoint vc="3" uspid="35" ordinal="1" path="1" offset="158" offsetend="167" sl="35"
                                             fileid="2"/>
                            </BranchPoints>
                            <MethodPoint vc="4" uspid="0" p8:type="SequencePoint" ordinal="0" offset="0" sc="0" sl="33"
                                         ec="1" el="36" bec="0" bev="0" fileid="2" xmlns:p8="xsi"/>
                        </Method>
                    </Methods>
                </Class>
                <Class>
                    <Summary numSequencePoints="3" visitedSequencePoints="3" numBranchPoints="0" visitedBranchPoints="0"
                             sequenceCoverage="100" branchCoverage="100" maxCyclomaticComplexity="1"
                             minCyclomaticComplexity="1" visitedClasses="1" numClasses="1" visitedMethods="1"
                             numMethods="1"/>
                    <FullName>ForkEat.Core.Services.ProductService/&lt;GetAllProducts&gt;d__4</FullName>
                    <Methods>
                        <Method cyclomaticComplexity="1" nPathComplexity="1" sequenceCoverage="100" branchCoverage="100"
                                isConstructor="False" isGetter="False" isSetter="False" isStatic="True">
                            <Summary numSequencePoints="3" visitedSequencePoints="3" numBranchPoints="0"
                                     visitedBranchPoints="0" sequenceCoverage="100" branchCoverage="100"
                                     maxCyclomaticComplexity="1" minCyclomaticComplexity="1" visitedClasses="0"
                                     numClasses="0" visitedMethods="1" numMethods="1"/>
                            <MetadataToken/>
                            <Name>System.Void ForkEat.Core.Services.ProductService/&lt;GetAllProducts&gt;d__4::MoveNext()</Name>
                            <FileRef uid="2"/>
                            <SequencePoints>
                                <SequencePoint vc="1" uspid="39" ordinal="0" sl="39" sc="1" el="39" ec="2" bec="0"
                                               bev="0" fileid="2"/>
                                <SequencePoint vc="1" uspid="40" ordinal="1" sl="40" sc="1" el="40" ec="2" bec="0"
                                               bev="0" fileid="2"/>
                                <SequencePoint vc="1" uspid="41" ordinal="2" sl="41" sc="1" el="41" ec="2" bec="0"
                                               bev="0" fileid="2"/>
                            </SequencePoints>
                            <BranchPoints/>
                            <MethodPoint vc="3" uspid="0" p8:type="SequencePoint" ordinal="0" offset="0" sc="0" sl="39"
                                         ec="1" el="41" bec="0" bev="0" fileid="2" xmlns:p8="xsi"/>
                        </Method>
                    </Methods>
                </Class>
                <Class>
                    <Summary numSequencePoints="4" visitedSequencePoints="4" numBranchPoints="0" visitedBranchPoints="0"
                             sequenceCoverage="100" branchCoverage="100" maxCyclomaticComplexity="1"
                             minCyclomaticComplexity="1" visitedClasses="1" numClasses="1" visitedMethods="1"
                             numMethods="1"/>
                    <FullName>ForkEat.Core.Services.ProductService/&lt;DeleteProduct&gt;d__5</FullName>
                    <Methods>
                        <Method cyclomaticComplexity="1" nPathComplexity="1" sequenceCoverage="100" branchCoverage="100"
                                isConstructor="False" isGetter="False" isSetter="False" isStatic="True">
                            <Summary numSequencePoints="4" visitedSequencePoints="4" numBranchPoints="0"
                                     visitedBranchPoints="0" sequenceCoverage="100" branchCoverage="100"
                                     maxCyclomaticComplexity="1" minCyclomaticComplexity="1" visitedClasses="0"
                                     numClasses="0" visitedMethods="1" numMethods="1"/>
                            <MetadataToken/>
                            <Name>System.Void
                                ForkEat.Core.Services.ProductService/&lt;DeleteProduct&gt;d__5::MoveNext()
                            </Name>
                            <FileRef uid="2"/>
                            <SequencePoints>
                                <SequencePoint vc="2" uspid="44" ordinal="0" sl="44" sc="1" el="44" ec="2" bec="0"
                                               bev="0" fileid="2"/>
                                <SequencePoint vc="2" uspid="45" ordinal="1" sl="45" sc="1" el="45" ec="2" bec="0"
                                               bev="0" fileid="2"/>
                                <SequencePoint vc="1" uspid="46" ordinal="2" sl="46" sc="1" el="46" ec="2" bec="0"
                                               bev="0" fileid="2"/>
                                <SequencePoint vc="1" uspid="47" ordinal="3" sl="47" sc="1" el="47" ec="2" bec="0"
                                               bev="0" fileid="2"/>
                            </SequencePoints>
                            <BranchPoints/>
                            <MethodPoint vc="4" uspid="0" p8:type="SequencePoint" ordinal="0" offset="0" sc="0" sl="44"
                                         ec="1" el="47" bec="0" bev="0" fileid="2" xmlns:p8="xsi"/>
                        </Method>
                    </Methods>
                </Class>
                <Class>
                    <Summary numSequencePoints="8" visitedSequencePoints="8" numBranchPoints="4" visitedBranchPoints="2"
                             sequenceCoverage="100" branchCoverage="50" maxCyclomaticComplexity="4"
                             minCyclomaticComplexity="4" visitedClasses="1" numClasses="1" visitedMethods="1"
                             numMethods="1"/>
                    <FullName>ForkEat.Core.Services.ProductService/&lt;UpdateProduct&gt;d__6</FullName>
                    <Methods>
                        <Method cyclomaticComplexity="4" nPathComplexity="4" sequenceCoverage="100" branchCoverage="50"
                                isConstructor="False" isGetter="False" isSetter="False" isStatic="True">
                            <Summary numSequencePoints="8" visitedSequencePoints="8" numBranchPoints="4"
                                     visitedBranchPoints="2" sequenceCoverage="100" branchCoverage="50"
                                     maxCyclomaticComplexity="4" minCyclomaticComplexity="4" visitedClasses="0"
                                     numClasses="0" visitedMethods="1" numMethods="1"/>
                            <MetadataToken/>
                            <Name>System.Void
                                ForkEat.Core.Services.ProductService/&lt;UpdateProduct&gt;d__6::MoveNext()
                            </Name>
                            <FileRef uid="2"/>
                            <SequencePoints>
                                <SequencePoint vc="2" uspid="50" ordinal="0" sl="50" sc="1" el="50" ec="2" bec="0"
                                               bev="0" fileid="2"/>
                                <SequencePoint vc="2" uspid="51" ordinal="1" sl="51" sc="1" el="51" ec="2" bec="0"
                                               bev="0" fileid="2"/>
                                <SequencePoint vc="1" uspid="52" ordinal="2" sl="52" sc="1" el="52" ec="2" bec="2"
                                               bev="1" fileid="2"/>
                                <SequencePoint vc="1" uspid="53" ordinal="3" sl="53" sc="1" el="53" ec="2" bec="2"
                                               bev="1" fileid="2"/>
                                <SequencePoint vc="1" uspid="54" ordinal="4" sl="54" sc="1" el="54" ec="2" bec="0"
                                               bev="0" fileid="2"/>
                                <SequencePoint vc="1" uspid="55" ordinal="5" sl="55" sc="1" el="55" ec="2" bec="0"
                                               bev="0" fileid="2"/>
                                <SequencePoint vc="1" uspid="56" ordinal="6" sl="56" sc="1" el="56" ec="2" bec="0"
                                               bev="0" fileid="2"/>
                                <SequencePoint vc="1" uspid="57" ordinal="7" sl="57" sc="1" el="57" ec="2" bec="0"
                                               bev="0" fileid="2"/>
                            </SequencePoints>
                            <BranchPoints>
                                <BranchPoint vc="0" uspid="52" ordinal="0" path="0" offset="175" offsetend="177" sl="52"
                                             fileid="2"/>
                                <BranchPoint vc="1" uspid="52" ordinal="1" path="1" offset="175" offsetend="189" sl="52"
                                             fileid="2"/>
                                <BranchPoint vc="1" uspid="53" ordinal="2" path="0" offset="222" offsetend="224" sl="53"
                                             fileid="2"/>
                                <BranchPoint vc="0" uspid="53" ordinal="3" path="1" offset="222" offsetend="237" sl="53"
                                             fileid="2"/>
                            </BranchPoints>
                            <MethodPoint vc="8" uspid="0" p8:type="SequencePoint" ordinal="0" offset="0" sc="0" sl="50"
                                         ec="1" el="57" bec="0" bev="0" fileid="2" xmlns:p8="xsi"/>
                        </Method>
                    </Methods>
                </Class>
                <Class>
                    <Summary numSequencePoints="21" visitedSequencePoints="21" numBranchPoints="0"
                             visitedBranchPoints="0" sequenceCoverage="100" branchCoverage="100"
                             maxCyclomaticComplexity="1" minCyclomaticComplexity="1" visitedClasses="1" numClasses="1"
                             visitedMethods="3" numMethods="3"/>
                    <FullName>ForkEat.Core.Services.RecipeService</FullName>
                    <Methods>
                        <Method cyclomaticComplexity="1" nPathComplexity="1" sequenceCoverage="100" branchCoverage="100"
                                isConstructor="False" isGetter="False" isSetter="False" isStatic="True">
                            <Summary numSequencePoints="13" visitedSequencePoints="13" numBranchPoints="0"
                                     visitedBranchPoints="0" sequenceCoverage="100" branchCoverage="100"
                                     maxCyclomaticComplexity="1" minCyclomaticComplexity="1" visitedClasses="0"
                                     numClasses="0" visitedMethods="1" numMethods="1"/>
                            <MetadataToken/>
                            <Name>ForkEat.Core.Domain.Recipe
                                ForkEat.Core.Services.RecipeService::BuildRecipeFromRequest(ForkEat.Core.Contracts.CreateRecipeRequest,System.Collections.Generic.Dictionary`2&lt;System.Guid,ForkEat.Core.Domain.Product&gt;)
                            </Name>
                            <FileRef uid="3"/>
                            <SequencePoints>
                                <SequencePoint vc="1" uspid="42" ordinal="0" sl="42" sc="1" el="42" ec="2" bec="0"
                                               bev="0" fileid="3"/>
                                <SequencePoint vc="1" uspid="43" ordinal="1" sl="43" sc="1" el="43" ec="2" bec="0"
                                               bev="0" fileid="3"/>
                                <SequencePoint vc="1" uspid="44" ordinal="2" sl="44" sc="1" el="44" ec="2" bec="0"
                                               bev="0" fileid="3"/>
                                <SequencePoint vc="1" uspid="45" ordinal="3" sl="45" sc="1" el="45" ec="2" bec="0"
                                               bev="0" fileid="3"/>
                                <SequencePoint vc="1" uspid="46" ordinal="4" sl="46" sc="1" el="46" ec="2" bec="0"
                                               bev="0" fileid="3"/>
                                <SequencePoint vc="3" uspid="47" ordinal="5" sl="47" sc="1" el="47" ec="2" bec="0"
                                               bev="0" fileid="3"/>
                                <SequencePoint vc="3" uspid="48" ordinal="6" sl="48" sc="1" el="48" ec="2" bec="0"
                                               bev="0" fileid="3"/>
                                <SequencePoint vc="3" uspid="49" ordinal="7" sl="49" sc="1" el="49" ec="2" bec="0"
                                               bev="0" fileid="3"/>
                                <SequencePoint vc="3" uspid="50" ordinal="8" sl="50" sc="1" el="50" ec="2" bec="0"
                                               bev="0" fileid="3"/>
                                <SequencePoint vc="3" uspid="51" ordinal="9" sl="51" sc="1" el="51" ec="2" bec="0"
                                               bev="0" fileid="3"/>
                                <SequencePoint vc="1" uspid="52" ordinal="10" sl="52" sc="1" el="52" ec="2" bec="0"
                                               bev="0" fileid="3"/>
                                <SequencePoint vc="3" uspid="53" ordinal="11" sl="53" sc="1" el="53" ec="2" bec="0"
                                               bev="0" fileid="3"/>
                                <SequencePoint vc="1" uspid="54" ordinal="12" sl="54" sc="1" el="54" ec="2" bec="0"
                                               bev="0" fileid="3"/>
                            </SequencePoints>
                            <BranchPoints/>
                            <MethodPoint vc="13" uspid="0" p8:type="SequencePoint" ordinal="0" offset="0" sc="0" sl="42"
                                         ec="1" el="54" bec="0" bev="0" fileid="3" xmlns:p8="xsi"/>
                        </Method>
                        <Method cyclomaticComplexity="1" nPathComplexity="1" sequenceCoverage="100" branchCoverage="100"
                                isConstructor="False" isGetter="False" isSetter="False" isStatic="True">
                            <Summary numSequencePoints="3" visitedSequencePoints="3" numBranchPoints="0"
                                     visitedBranchPoints="0" sequenceCoverage="100" branchCoverage="100"
                                     maxCyclomaticComplexity="1" minCyclomaticComplexity="1" visitedClasses="0"
                                     numClasses="0" visitedMethods="1" numMethods="1"/>
                            <MetadataToken/>
                            <Name>System.Collections.Generic.List`1&lt;System.Guid&gt;
                                ForkEat.Core.Services.RecipeService::ExtractProductIds(ForkEat.Core.Contracts.CreateRecipeRequest)
                            </Name>
                            <FileRef uid="3"/>
                            <SequencePoints>
                                <SequencePoint vc="1" uspid="57" ordinal="0" sl="57" sc="1" el="57" ec="2" bec="0"
                                               bev="0" fileid="3"/>
                                <SequencePoint vc="3" uspid="58" ordinal="1" sl="58" sc="1" el="58" ec="2" bec="0"
                                               bev="0" fileid="3"/>
                                <SequencePoint vc="1" uspid="59" ordinal="2" sl="59" sc="1" el="59" ec="2" bec="0"
                                               bev="0" fileid="3"/>
                            </SequencePoints>
                            <BranchPoints/>
                            <MethodPoint vc="3" uspid="0" p8:type="SequencePoint" ordinal="1" offset="1" sc="0" sl="57"
                                         ec="1" el="59" bec="0" bev="0" fileid="3" xmlns:p8="xsi"/>
                        </Method>
                        <Method cyclomaticComplexity="1" nPathComplexity="1" sequenceCoverage="100" branchCoverage="100"
                                isConstructor="True" isGetter="False" isSetter="False" isStatic="True">
                            <Summary numSequencePoints="5" visitedSequencePoints="5" numBranchPoints="0"
                                     visitedBranchPoints="0" sequenceCoverage="100" branchCoverage="100"
                                     maxCyclomaticComplexity="1" minCyclomaticComplexity="1" visitedClasses="0"
                                     numClasses="0" visitedMethods="1" numMethods="1"/>
                            <MetadataToken/>
                            <Name>System.Void
                                ForkEat.Core.Services.RecipeService::.ctor(ForkEat.Core.Repositories.IRecipeRepository,ForkEat.Core.Repositories.IProductRepository)
                            </Name>
                            <FileRef uid="3"/>
                            <SequencePoints>
                                <SequencePoint vc="2" uspid="16" ordinal="0" sl="16" sc="1" el="16" ec="2" bec="0"
                                               bev="0" fileid="3"/>
                                <SequencePoint vc="2" uspid="17" ordinal="1" sl="17" sc="1" el="17" ec="2" bec="0"
                                               bev="0" fileid="3"/>
                                <SequencePoint vc="2" uspid="18" ordinal="2" sl="18" sc="1" el="18" ec="2" bec="0"
                                               bev="0" fileid="3"/>
                                <SequencePoint vc="2" uspid="19" ordinal="3" sl="19" sc="1" el="19" ec="2" bec="0"
                                               bev="0" fileid="3"/>
                                <SequencePoint vc="2" uspid="20" ordinal="4" sl="20" sc="1" el="20" ec="2" bec="0"
                                               bev="0" fileid="3"/>
                            </SequencePoints>
                            <BranchPoints/>
                            <MethodPoint vc="5" uspid="0" p8:type="SequencePoint" ordinal="2" offset="2" sc="0" sl="16"
                                         ec="1" el="20" bec="0" bev="0" fileid="3" xmlns:p8="xsi"/>
                        </Method>
                    </Methods>
                </Class>
                <Class>
                    <Summary numSequencePoints="6" visitedSequencePoints="6" numBranchPoints="0" visitedBranchPoints="0"
                             sequenceCoverage="100" branchCoverage="100" maxCyclomaticComplexity="1"
                             minCyclomaticComplexity="1" visitedClasses="1" numClasses="1" visitedMethods="1"
                             numMethods="1"/>
                    <FullName>ForkEat.Core.Services.RecipeService/&lt;CreateRecipe&gt;d__3</FullName>
                    <Methods>
                        <Method cyclomaticComplexity="1" nPathComplexity="1" sequenceCoverage="100" branchCoverage="100"
                                isConstructor="False" isGetter="False" isSetter="False" isStatic="True">
                            <Summary numSequencePoints="6" visitedSequencePoints="6" numBranchPoints="0"
                                     visitedBranchPoints="0" sequenceCoverage="100" branchCoverage="100"
                                     maxCyclomaticComplexity="1" minCyclomaticComplexity="1" visitedClasses="0"
                                     numClasses="0" visitedMethods="1" numMethods="1"/>
                            <MetadataToken/>
                            <Name>System.Void ForkEat.Core.Services.RecipeService/&lt;CreateRecipe&gt;d__3::MoveNext()
                            </Name>
                            <FileRef uid="3"/>
                            <SequencePoints>
                                <SequencePoint vc="1" uspid="23" ordinal="0" sl="23" sc="1" el="23" ec="2" bec="0"
                                               bev="0" fileid="3"/>
                                <SequencePoint vc="1" uspid="24" ordinal="1" sl="24" sc="1" el="24" ec="2" bec="0"
                                               bev="0" fileid="3"/>
                                <SequencePoint vc="1" uspid="25" ordinal="2" sl="25" sc="1" el="25" ec="2" bec="0"
                                               bev="0" fileid="3"/>
                                <SequencePoint vc="1" uspid="27" ordinal="3" sl="27" sc="1" el="27" ec="2" bec="0"
                                               bev="0" fileid="3"/>
                                <SequencePoint vc="1" uspid="29" ordinal="4" sl="29" sc="1" el="29" ec="2" bec="0"
                                               bev="0" fileid="3"/>
                                <SequencePoint vc="1" uspid="30" ordinal="5" sl="30" sc="1" el="30" ec="2" bec="0"
                                               bev="0" fileid="3"/>
                            </SequencePoints>
                            <BranchPoints/>
                            <MethodPoint vc="6" uspid="0" p8:type="SequencePoint" ordinal="0" offset="0" sc="0" sl="23"
                                         ec="1" el="30" bec="0" bev="0" fileid="3" xmlns:p8="xsi"/>
                        </Method>
                    </Methods>
                </Class>
                <Class>
                    <Summary numSequencePoints="1" visitedSequencePoints="1" numBranchPoints="0" visitedBranchPoints="0"
                             sequenceCoverage="100" branchCoverage="100" maxCyclomaticComplexity="1"
                             minCyclomaticComplexity="1" visitedClasses="1" numClasses="1" visitedMethods="1"
                             numMethods="1"/>
                    <FullName>ForkEat.Core.Services.RecipeService/&lt;&gt;c</FullName>
                    <Methods>
                        <Method cyclomaticComplexity="1" nPathComplexity="1" sequenceCoverage="100" branchCoverage="100"
                                isConstructor="False" isGetter="False" isSetter="False" isStatic="True">
                            <Summary numSequencePoints="1" visitedSequencePoints="1" numBranchPoints="0"
                                     visitedBranchPoints="0" sequenceCoverage="100" branchCoverage="100"
                                     maxCyclomaticComplexity="1" minCyclomaticComplexity="1" visitedClasses="0"
                                     numClasses="0" visitedMethods="1" numMethods="1"/>
                            <MetadataToken/>
                            <Name>ForkEat.Core.Contracts.GetRecipesResponse ForkEat.Core.Services.RecipeService/&lt;&gt;c::&lt;GetRecipes&gt;b__4_0(ForkEat.Core.Domain.Recipe)</Name>
                            <FileRef uid="3"/>
                            <SequencePoints>
                                <SequencePoint vc="2" uspid="37" ordinal="0" sl="37" sc="1" el="37" ec="2" bec="0"
                                               bev="0" fileid="3"/>
                            </SequencePoints>
                            <BranchPoints/>
                            <MethodPoint vc="1" uspid="0" p8:type="SequencePoint" ordinal="0" offset="0" sc="0" sl="37"
                                         ec="1" el="37" bec="0" bev="0" fileid="3" xmlns:p8="xsi"/>
                        </Method>
                    </Methods>
                </Class>
                <Class>
                    <Summary numSequencePoints="5" visitedSequencePoints="5" numBranchPoints="0" visitedBranchPoints="0"
                             sequenceCoverage="100" branchCoverage="100" maxCyclomaticComplexity="1"
                             minCyclomaticComplexity="1" visitedClasses="1" numClasses="1" visitedMethods="1"
                             numMethods="1"/>
                    <FullName>ForkEat.Core.Services.RecipeService/&lt;GetRecipes&gt;d__4</FullName>
                    <Methods>
                        <Method cyclomaticComplexity="1" nPathComplexity="1" sequenceCoverage="100" branchCoverage="100"
                                isConstructor="False" isGetter="False" isSetter="False" isStatic="True">
                            <Summary numSequencePoints="5" visitedSequencePoints="5" numBranchPoints="0"
                                     visitedBranchPoints="0" sequenceCoverage="100" branchCoverage="100"
                                     maxCyclomaticComplexity="1" minCyclomaticComplexity="1" visitedClasses="0"
                                     numClasses="0" visitedMethods="1" numMethods="1"/>
                            <MetadataToken/>
                            <Name>System.Void ForkEat.Core.Services.RecipeService/&lt;GetRecipes&gt;d__4::MoveNext()
                            </Name>
                            <FileRef uid="3"/>
                            <SequencePoints>
                                <SequencePoint vc="1" uspid="33" ordinal="0" sl="33" sc="1" el="33" ec="2" bec="0"
                                               bev="0" fileid="3"/>
                                <SequencePoint vc="1" uspid="34" ordinal="1" sl="34" sc="1" el="34" ec="2" bec="0"
                                               bev="0" fileid="3"/>
                                <SequencePoint vc="1" uspid="36" ordinal="2" sl="36" sc="1" el="36" ec="2" bec="0"
                                               bev="0" fileid="3"/>
                                <SequencePoint vc="1" uspid="38" ordinal="3" sl="38" sc="1" el="38" ec="2" bec="0"
                                               bev="0" fileid="3"/>
                                <SequencePoint vc="2" uspid="39" ordinal="4" sl="39" sc="1" el="39" ec="2" bec="0"
                                               bev="0" fileid="3"/>
                            </SequencePoints>
                            <BranchPoints/>
                            <MethodPoint vc="5" uspid="0" p8:type="SequencePoint" ordinal="0" offset="0" sc="0" sl="33"
                                         ec="1" el="39" bec="0" bev="0" fileid="3" xmlns:p8="xsi"/>
                        </Method>
                    </Methods>
                </Class>
                <Class>
                    <Summary numSequencePoints="6" visitedSequencePoints="6" numBranchPoints="0" visitedBranchPoints="0"
                             sequenceCoverage="100" branchCoverage="100" maxCyclomaticComplexity="1"
                             minCyclomaticComplexity="1" visitedClasses="1" numClasses="1" visitedMethods="1"
                             numMethods="1"/>
                    <FullName>ForkEat.Core.Services.StockService</FullName>
                    <Methods>
                        <Method cyclomaticComplexity="1" nPathComplexity="1" sequenceCoverage="100" branchCoverage="100"
                                isConstructor="True" isGetter="False" isSetter="False" isStatic="True">
                            <Summary numSequencePoints="6" visitedSequencePoints="6" numBranchPoints="0"
                                     visitedBranchPoints="0" sequenceCoverage="100" branchCoverage="100"
                                     maxCyclomaticComplexity="1" minCyclomaticComplexity="1" visitedClasses="0"
                                     numClasses="0" visitedMethods="1" numMethods="1"/>
                            <MetadataToken/>
                            <Name>System.Void
                                ForkEat.Core.Services.StockService::.ctor(ForkEat.Core.Repositories.IStockRepository,ForkEat.Core.Repositories.IProductRepository,ForkEat.Core.Repositories.IUnitRepository)
                            </Name>
                            <FileRef uid="4"/>
                            <SequencePoints>
                                <SequencePoint vc="5" uspid="19" ordinal="0" sl="19" sc="1" el="19" ec="2" bec="0"
                                               bev="0" fileid="4"/>
                                <SequencePoint vc="5" uspid="20" ordinal="1" sl="20" sc="1" el="20" ec="2" bec="0"
                                               bev="0" fileid="4"/>
                                <SequencePoint vc="5" uspid="21" ordinal="2" sl="21" sc="1" el="21" ec="2" bec="0"
                                               bev="0" fileid="4"/>
                                <SequencePoint vc="5" uspid="22" ordinal="3" sl="22" sc="1" el="22" ec="2" bec="0"
                                               bev="0" fileid="4"/>
                                <SequencePoint vc="5" uspid="23" ordinal="4" sl="23" sc="1" el="23" ec="2" bec="0"
                                               bev="0" fileid="4"/>
                                <SequencePoint vc="5" uspid="24" ordinal="5" sl="24" sc="1" el="24" ec="2" bec="0"
                                               bev="0" fileid="4"/>
                            </SequencePoints>
                            <BranchPoints/>
                            <MethodPoint vc="6" uspid="0" p8:type="SequencePoint" ordinal="0" offset="0" sc="0" sl="19"
                                         ec="1" el="24" bec="0" bev="0" fileid="4" xmlns:p8="xsi"/>
                        </Method>
                    </Methods>
                </Class>
                <Class>
                    <Summary numSequencePoints="37" visitedSequencePoints="33" numBranchPoints="10"
                             visitedBranchPoints="8" sequenceCoverage="89.18" branchCoverage="80"
                             maxCyclomaticComplexity="10" minCyclomaticComplexity="10" visitedClasses="1" numClasses="1"
                             visitedMethods="1" numMethods="1"/>
                    <FullName>ForkEat.Core.Services.StockService/&lt;CreateOrUpdateStock&gt;d__4</FullName>
                    <Methods>
                        <Method cyclomaticComplexity="10" nPathComplexity="10" sequenceCoverage="89.18"
                                branchCoverage="80" isConstructor="False" isGetter="False" isSetter="False"
                                isStatic="True">
                            <Summary numSequencePoints="37" visitedSequencePoints="33" numBranchPoints="10"
                                     visitedBranchPoints="8" sequenceCoverage="89.18" branchCoverage="80"
                                     maxCyclomaticComplexity="10" minCyclomaticComplexity="10" visitedClasses="0"
                                     numClasses="0" visitedMethods="1" numMethods="1"/>
                            <MetadataToken/>
                            <Name>System.Void ForkEat.Core.Services.StockService/&lt;CreateOrUpdateStock&gt;d__4::MoveNext()</Name>
                            <FileRef uid="4"/>
                            <SequencePoints>
                                <SequencePoint vc="3" uspid="27" ordinal="0" sl="27" sc="1" el="27" ec="2" bec="0"
                                               bev="0" fileid="4"/>
                                <SequencePoint vc="3" uspid="28" ordinal="1" sl="28" sc="1" el="28" ec="2" bec="2"
                                               bev="2" fileid="4"/>
                                <SequencePoint vc="2" uspid="29" ordinal="2" sl="29" sc="1" el="29" ec="2" bec="2"
                                               bev="1" fileid="4"/>
                                <SequencePoint vc="2" uspid="30" ordinal="3" sl="30" sc="1" el="30" ec="2" bec="2"
                                               bev="2" fileid="4"/>
                                <SequencePoint vc="2" uspid="31" ordinal="4" sl="31" sc="1" el="31" ec="2" bec="0"
                                               bev="0" fileid="4"/>
                                <SequencePoint vc="2" uspid="32" ordinal="5" sl="32" sc="1" el="32" ec="2" bec="0"
                                               bev="0" fileid="4"/>
                                <SequencePoint vc="2" uspid="33" ordinal="6" sl="33" sc="1" el="33" ec="2" bec="0"
                                               bev="0" fileid="4"/>
                                <SequencePoint vc="2" uspid="34" ordinal="7" sl="34" sc="1" el="34" ec="2" bec="0"
                                               bev="0" fileid="4"/>
                                <SequencePoint vc="2" uspid="35" ordinal="8" sl="35" sc="1" el="35" ec="2" bec="0"
                                               bev="0" fileid="4"/>
                                <SequencePoint vc="2" uspid="36" ordinal="9" sl="36" sc="1" el="36" ec="2" bec="0"
                                               bev="0" fileid="4"/>
                                <SequencePoint vc="2" uspid="38" ordinal="10" sl="38" sc="1" el="38" ec="2" bec="0"
                                               bev="0" fileid="4"/>
                                <SequencePoint vc="2" uspid="40" ordinal="11" sl="40" sc="1" el="40" ec="2" bec="2"
                                               bev="2" fileid="4"/>
                                <SequencePoint vc="1" uspid="41" ordinal="12" sl="41" sc="1" el="41" ec="2" bec="0"
                                               bev="0" fileid="4"/>
                                <SequencePoint vc="1" uspid="42" ordinal="13" sl="42" sc="1" el="42" ec="2" bec="0"
                                               bev="0" fileid="4"/>
                                <SequencePoint vc="1" uspid="43" ordinal="14" sl="43" sc="1" el="43" ec="2" bec="0"
                                               bev="0" fileid="4"/>
                                <SequencePoint vc="1" uspid="44" ordinal="15" sl="44" sc="1" el="44" ec="2" bec="0"
                                               bev="0" fileid="4"/>
                                <SequencePoint vc="1" uspid="45" ordinal="16" sl="45" sc="1" el="45" ec="2" bec="0"
                                               bev="0" fileid="4"/>
                                <SequencePoint vc="1" uspid="47" ordinal="17" sl="47" sc="1" el="47" ec="2" bec="0"
                                               bev="0" fileid="4"/>
                                <SequencePoint vc="1" uspid="48" ordinal="18" sl="48" sc="1" el="48" ec="2" bec="2"
                                               bev="1" fileid="4"/>
                                <SequencePoint vc="0" uspid="49" ordinal="19" sl="49" sc="1" el="49" ec="2" bec="0"
                                               bev="0" fileid="4"/>
                                <SequencePoint vc="0" uspid="50" ordinal="20" sl="50" sc="1" el="50" ec="2" bec="0"
                                               bev="0" fileid="4"/>
                                <SequencePoint vc="0" uspid="51" ordinal="21" sl="51" sc="1" el="51" ec="2" bec="0"
                                               bev="0" fileid="4"/>
                                <SequencePoint vc="0" uspid="52" ordinal="22" sl="52" sc="1" el="52" ec="2" bec="0"
                                               bev="0" fileid="4"/>
                                <SequencePoint vc="1" uspid="55" ordinal="23" sl="55" sc="1" el="55" ec="2" bec="0"
                                               bev="0" fileid="4"/>
                                <SequencePoint vc="1" uspid="56" ordinal="24" sl="56" sc="1" el="56" ec="2" bec="0"
                                               bev="0" fileid="4"/>
                                <SequencePoint vc="1" uspid="57" ordinal="25" sl="57" sc="1" el="57" ec="2" bec="0"
                                               bev="0" fileid="4"/>
                                <SequencePoint vc="2" uspid="59" ordinal="26" sl="59" sc="1" el="59" ec="2" bec="0"
                                               bev="0" fileid="4"/>
                                <SequencePoint vc="2" uspid="60" ordinal="27" sl="60" sc="1" el="60" ec="2" bec="0"
                                               bev="0" fileid="4"/>
                                <SequencePoint vc="2" uspid="61" ordinal="28" sl="61" sc="1" el="61" ec="2" bec="0"
                                               bev="0" fileid="4"/>
                                <SequencePoint vc="2" uspid="62" ordinal="29" sl="62" sc="1" el="62" ec="2" bec="0"
                                               bev="0" fileid="4"/>
                                <SequencePoint vc="2" uspid="63" ordinal="30" sl="63" sc="1" el="63" ec="2" bec="0"
                                               bev="0" fileid="4"/>
                                <SequencePoint vc="2" uspid="64" ordinal="31" sl="64" sc="1" el="64" ec="2" bec="0"
                                               bev="0" fileid="4"/>
                                <SequencePoint vc="2" uspid="65" ordinal="32" sl="65" sc="1" el="65" ec="2" bec="0"
                                               bev="0" fileid="4"/>
                                <SequencePoint vc="2" uspid="66" ordinal="33" sl="66" sc="1" el="66" ec="2" bec="0"
                                               bev="0" fileid="4"/>
                                <SequencePoint vc="2" uspid="67" ordinal="34" sl="67" sc="1" el="67" ec="2" bec="0"
                                               bev="0" fileid="4"/>
                                <SequencePoint vc="2" uspid="68" ordinal="35" sl="68" sc="1" el="68" ec="2" bec="0"
                                               bev="0" fileid="4"/>
                                <SequencePoint vc="2" uspid="69" ordinal="36" sl="69" sc="1" el="69" ec="2" bec="0"
                                               bev="0" fileid="4"/>
                            </SequencePoints>
                            <BranchPoints>
                                <BranchPoint vc="1" uspid="28" ordinal="0" path="0" offset="201" offsetend="203" sl="28"
                                             fileid="4"/>
                                <BranchPoint vc="2" uspid="28" ordinal="1" path="1" offset="201" offsetend="210" sl="28"
                                             fileid="4"/>
                                <BranchPoint vc="0" uspid="29" ordinal="2" path="0" offset="355" offsetend="357" sl="29"
                                             fileid="4"/>
                                <BranchPoint vc="2" uspid="29" ordinal="3" path="1" offset="355" offsetend="364" sl="29"
                                             fileid="4"/>
                                <BranchPoint vc="1" uspid="30" ordinal="4" path="0" offset="397" offsetend="402" sl="30"
                                             fileid="4"/>
                                <BranchPoint vc="1" uspid="30" ordinal="5" path="1" offset="397" offsetend="548" sl="30"
                                             fileid="4"/>
                                <BranchPoint vc="1" uspid="40" ordinal="6" path="0" offset="646" offsetend="651" sl="40"
                                             fileid="4"/>
[...]
                </Class>
                <Class>
                    <Summary numSequencePoints="2" visitedSequencePoints="2" numBranchPoints="0" visitedBranchPoints="0"
                             sequenceCoverage="100" branchCoverage="100" maxCyclomaticComplexity="1"
                             minCyclomaticComplexity="1" visitedClasses="1" numClasses="1" visitedMethods="2"
                             numMethods="2"/>
                    <FullName>ForkEat.Core.Contracts.UnitResponse</FullName>
                    <Methods>
                        <Method cyclomaticComplexity="1" nPathComplexity="1" sequenceCoverage="100" branchCoverage="100"
                                isConstructor="False" isGetter="True" isSetter="False" isStatic="True">
                            <Summary numSequencePoints="1" visitedSequencePoints="1" numBranchPoints="0"
                                     visitedBranchPoints="0" sequenceCoverage="100" branchCoverage="100"
                                     maxCyclomaticComplexity="1" minCyclomaticComplexity="1" visitedClasses="0"
                                     numClasses="0" visitedMethods="1" numMethods="1"/>
                            <MetadataToken/>
                            <Name>System.String ForkEat.Core.Contracts.UnitResponse::get_Name()</Name>
                            <FileRef uid="28"/>
                            <SequencePoints>
                                <SequencePoint vc="5" uspid="5" ordinal="0" sl="5" sc="1" el="5" ec="2" bec="0" bev="0"
                                               fileid="28"/>
                            </SequencePoints>
                            <BranchPoints/>
                            <MethodPoint vc="1" uspid="0" p8:type="SequencePoint" ordinal="0" offset="0" sc="0" sl="5"
                                         ec="1" el="5" bec="0" bev="0" fileid="28" xmlns:p8="xsi"/>
                        </Method>
                        <Method cyclomaticComplexity="1" nPathComplexity="1" sequenceCoverage="100" branchCoverage="100"
                                isConstructor="False" isGetter="True" isSetter="False" isStatic="True">
                            <Summary numSequencePoints="1" visitedSequencePoints="1" numBranchPoints="0"
                                     visitedBranchPoints="0" sequenceCoverage="100" branchCoverage="100"
                                     maxCyclomaticComplexity="1" minCyclomaticComplexity="1" visitedClasses="0"
                                     numClasses="0" visitedMethods="1" numMethods="1"/>
                            <MetadataToken/>
                            <Name>System.String ForkEat.Core.Contracts.UnitResponse::get_Symbol()</Name>
                            <FileRef uid="28"/>
                            <SequencePoints>
                                <SequencePoint vc="5" uspid="6" ordinal="0" sl="6" sc="1" el="6" ec="2" bec="0" bev="0"
                                               fileid="28"/>
                            </SequencePoints>
                            <BranchPoints/>
                            <MethodPoint vc="1" uspid="0" p8:type="SequencePoint" ordinal="1" offset="1" sc="0" sl="6"
                                         ec="1" el="6" bec="0" bev="0" fileid="28" xmlns:p8="xsi"/>
                        </Method>
                    </Methods>
                </Class>
                <Class>
                    <Summary numSequencePoints="8" visitedSequencePoints="4" numBranchPoints="0" visitedBranchPoints="0"
                             sequenceCoverage="50" branchCoverage="100" maxCyclomaticComplexity="1"
                             minCyclomaticComplexity="1" visitedClasses="1" numClasses="1" visitedMethods="4"
                             numMethods="8"/>
                    <FullName>ForkEat.Core.Contracts.Stock</FullName>
                    <Methods>
                        <Method cyclomaticComplexity="1" nPathComplexity="1" sequenceCoverage="100" branchCoverage="100"
                                isConstructor="False" isGetter="True" isSetter="False" isStatic="True">
                            <Summary numSequencePoints="1" visitedSequencePoints="1" numBranchPoints="0"
                                     visitedBranchPoints="0" sequenceCoverage="100" branchCoverage="100"
                                     maxCyclomaticComplexity="1" minCyclomaticComplexity="1" visitedClasses="0"
                                     numClasses="0" visitedMethods="1" numMethods="1"/>
                            <MetadataToken/>
                            <Name>System.Guid ForkEat.Core.Contracts.Stock::get_Id()</Name>
                            <FileRef uid="29"/>
                            <SequencePoints>
                                <SequencePoint vc="10" uspid="8" ordinal="0" sl="8" sc="1" el="8" ec="2" bec="0" bev="0"
                                               fileid="29"/>
                            </SequencePoints>
                            <BranchPoints/>
                            <MethodPoint vc="1" uspid="0" p8:type="SequencePoint" ordinal="0" offset="0" sc="0" sl="8"
                                         ec="1" el="8" bec="0" bev="0" fileid="29" xmlns:p8="xsi"/>
                        </Method>
                        <Method cyclomaticComplexity="1" nPathComplexity="1" sequenceCoverage="100" branchCoverage="100"
                                isConstructor="False" isGetter="True" isSetter="False" isStatic="True">
                            <Summary numSequencePoints="1" visitedSequencePoints="1" numBranchPoints="0"
                                     visitedBranchPoints="0" sequenceCoverage="100" branchCoverage="100"
                                     maxCyclomaticComplexity="1" minCyclomaticComplexity="1" visitedClasses="0"
                                     numClasses="0" visitedMethods="1" numMethods="1"/>
                            <MetadataToken/>
                            <Name>System.Double ForkEat.Core.Contracts.Stock::get_Quantity()</Name>
                            <FileRef uid="29"/>
                            <SequencePoints>
                                <SequencePoint vc="8" uspid="9" ordinal="0" sl="9" sc="1" el="9" ec="2" bec="0" bev="0"
                                               fileid="29"/>
                            </SequencePoints>
                            <BranchPoints/>
                            <MethodPoint vc="1" uspid="0" p8:type="SequencePoint" ordinal="1" offset="1" sc="0" sl="9"
                                         ec="1" el="9" bec="0" bev="0" fileid="29" xmlns:p8="xsi"/>
                        </Method>
                        <Method cyclomaticComplexity="1" nPathComplexity="1" sequenceCoverage="0" branchCoverage="100"
                                isConstructor="False" isGetter="True" isSetter="False" isStatic="True">
                            <Summary numSequencePoints="1" visitedSequencePoints="0" numBranchPoints="0"
                                     visitedBranchPoints="0" sequenceCoverage="0" branchCoverage="100"
                                     maxCyclomaticComplexity="1" minCyclomaticComplexity="1" visitedClasses="0"
                                     numClasses="0" visitedMethods="0" numMethods="1"/>
                            <MetadataToken/>
                            <Name>System.Guid ForkEat.Core.Contracts.Stock::get_UnitId()</Name>
                            <FileRef uid="29"/>
                            <SequencePoints>
                                <SequencePoint vc="0" uspid="10" ordinal="0" sl="10" sc="1" el="10" ec="2" bec="0"
                                               bev="0" fileid="29"/>
                            </SequencePoints>
                            <BranchPoints/>
                            <MethodPoint vc="0" uspid="0" p8:type="SequencePoint" ordinal="2" offset="2" sc="0" sl="10"
                                         ec="1" el="10" bec="0" bev="0" fileid="29" xmlns:p8="xsi"/>
                        </Method>
                        <Method cyclomaticComplexity="1" nPathComplexity="1" sequenceCoverage="100" branchCoverage="100"
                                isConstructor="False" isGetter="True" isSetter="False" isStatic="True">
                            <Summary numSequencePoints="1" visitedSequencePoints="1" numBranchPoints="0"
                                     visitedBranchPoints="0" sequenceCoverage="100" branchCoverage="100"
                                     maxCyclomaticComplexity="1" minCyclomaticComplexity="1" visitedClasses="0"
                                     numClasses="0" visitedMethods="1" numMethods="1"/>
                            <MetadataToken/>
                            <Name>ForkEat.Core.Contracts.Unit ForkEat.Core.Contracts.Stock::get_Unit()</Name>
                            <FileRef uid="29"/>
                            <SequencePoints>
                                <SequencePoint vc="10" uspid="11" ordinal="0" sl="11" sc="1" el="11" ec="2" bec="0"
                                               bev="0" fileid="29"/>
                            </SequencePoints>
                            <BranchPoints/>
                            <MethodPoint vc="1" uspid="0" p8:type="SequencePoint" ordinal="3" offset="3" sc="0" sl="11"
                                         ec="1" el="11" bec="0" bev="0" fileid="29" xmlns:p8="xsi"/>
                        </Method>
                        <Method cyclomaticComplexity="1" nPathComplexity="1" sequenceCoverage="0" branchCoverage="100"
                                isConstructor="False" isGetter="True" isSetter="False" isStatic="True">
                            <Summary numSequencePoints="1" visitedSequencePoints="0" numBranchPoints="0"
                                     visitedBranchPoints="0" sequenceCoverage="0" branchCoverage="100"
                                     maxCyclomaticComplexity="1" minCyclomaticComplexity="1" visitedClasses="0"
                                     numClasses="0" visitedMethods="0" numMethods="1"/>
                            <MetadataToken/>
                            <Name>System.Guid ForkEat.Core.Contracts.Stock::get_ProductId()</Name>
                            <FileRef uid="29"/>
                            <SequencePoints>
                                <SequencePoint vc="0" uspid="12" ordinal="0" sl="12" sc="1" el="12" ec="2" bec="0"
                                               bev="0" fileid="29"/>
                            </SequencePoints>
                            <BranchPoints/>
                            <MethodPoint vc="0" uspid="0" p8:type="SequencePoint" ordinal="4" offset="4" sc="0" sl="12"
                                         ec="1" el="12" bec="0" bev="0" fileid="29" xmlns:p8="xsi"/>
                        </Method>
                        <Method cyclomaticComplexity="1" nPathComplexity="1" sequenceCoverage="100" branchCoverage="100"
                                isConstructor="False" isGetter="True" isSetter="False" isStatic="True">
                            <Summary numSequencePoints="1" visitedSequencePoints="1" numBranchPoints="0"
                                     visitedBranchPoints="0" sequenceCoverage="100" branchCoverage="100"
                                     maxCyclomaticComplexity="1" minCyclomaticComplexity="1" visitedClasses="0"
                                     numClasses="0" visitedMethods="1" numMethods="1"/>
                            <MetadataToken/>
                            <Name>ForkEat.Core.Domain.Product ForkEat.Core.Contracts.Stock::get_Product()</Name>
                            <FileRef uid="29"/>
                            <SequencePoints>
                                <SequencePoint vc="1" uspid="13" ordinal="0" sl="13" sc="1" el="13" ec="2" bec="0"
                                               bev="0" fileid="29"/>
                            </SequencePoints>
                            <BranchPoints/>
                            <MethodPoint vc="1" uspid="0" p8:type="SequencePoint" ordinal="5" offset="5" sc="0" sl="13"
                                         ec="1" el="13" bec="0" bev="0" fileid="29" xmlns:p8="xsi"/>
                        </Method>
                        <Method cyclomaticComplexity="1" nPathComplexity="1" sequenceCoverage="0" branchCoverage="100"
                                isConstructor="False" isGetter="True" isSetter="False" isStatic="True">
                            <Summary numSequencePoints="1" visitedSequencePoints="0" numBranchPoints="0"
                                     visitedBranchPoints="0" sequenceCoverage="0" branchCoverage="100"
                                     maxCyclomaticComplexity="1" minCyclomaticComplexity="1" visitedClasses="0"
                                     numClasses="0" visitedMethods="0" numMethods="1"/>
                            <MetadataToken/>
                            <Name>System.DateTime ForkEat.Core.Contracts.Stock::get_BestBeforeDate()</Name>
                            <FileRef uid="29"/>
                            <SequencePoints>
                                <SequencePoint vc="0" uspid="14" ordinal="0" sl="14" sc="1" el="14" ec="2" bec="0"
                                               bev="0" fileid="29"/>
                            </SequencePoints>
                            <BranchPoints/>
                            <MethodPoint vc="0" uspid="0" p8:type="SequencePoint" ordinal="6" offset="6" sc="0" sl="14"
                                         ec="1" el="14" bec="0" bev="0" fileid="29" xmlns:p8="xsi"/>
                        </Method>
                        <Method cyclomaticComplexity="1" nPathComplexity="1" sequenceCoverage="0" branchCoverage="100"
                                isConstructor="False" isGetter="True" isSetter="False" isStatic="True">
                            <Summary numSequencePoints="1" visitedSequencePoints="0" numBranchPoints="0"
                                     visitedBranchPoints="0" sequenceCoverage="0" branchCoverage="100"
                                     maxCyclomaticComplexity="1" minCyclomaticComplexity="1" visitedClasses="0"
                                     numClasses="0" visitedMethods="0" numMethods="1"/>
                            <MetadataToken/>
                            <Name>System.DateTime ForkEat.Core.Contracts.Stock::get_PurchaseDate()</Name>
                            <FileRef uid="29"/>
                            <SequencePoints>
                                <SequencePoint vc="0" uspid="15" ordinal="0" sl="15" sc="1" el="15" ec="2" bec="0"
                                               bev="0" fileid="29"/>
                            </SequencePoints>
                            <BranchPoints/>
                            <MethodPoint vc="0" uspid="0" p8:type="SequencePoint" ordinal="7" offset="7" sc="0" sl="15"
                                         ec="1" el="15" bec="0" bev="0" fileid="29" xmlns:p8="xsi"/>
                        </Method>
                    </Methods>
                </Class>
                <Class>
                    <Summary numSequencePoints="3" visitedSequencePoints="3" numBranchPoints="0" visitedBranchPoints="0"
                             sequenceCoverage="100" branchCoverage="100" maxCyclomaticComplexity="1"
                             minCyclomaticComplexity="1" visitedClasses="1" numClasses="1" visitedMethods="3"
                             numMethods="3"/>
                    <FullName>ForkEat.Core.Contracts.Unit</FullName>
                    <Methods>
                        <Method cyclomaticComplexity="1" nPathComplexity="1" sequenceCoverage="100" branchCoverage="100"
                                isConstructor="False" isGetter="True" isSetter="False" isStatic="True">
                            <Summary numSequencePoints="1" visitedSequencePoints="1" numBranchPoints="0"
                                     visitedBranchPoints="0" sequenceCoverage="100" branchCoverage="100"
                                     maxCyclomaticComplexity="1" minCyclomaticComplexity="1" visitedClasses="0"
                                     numClasses="0" visitedMethods="1" numMethods="1"/>
                            <MetadataToken/>
                            <Name>System.Guid ForkEat.Core.Contracts.Unit::get_Id()</Name>
                            <FileRef uid="30"/>
                            <SequencePoints>
                                <SequencePoint vc="17" uspid="7" ordinal="0" sl="7" sc="1" el="7" ec="2" bec="0" bev="0"
                                               fileid="30"/>
                            </SequencePoints>
                            <BranchPoints/>
                            <MethodPoint vc="1" uspid="0" p8:type="SequencePoint" ordinal="0" offset="0" sc="0" sl="7"
                                         ec="1" el="7" bec="0" bev="0" fileid="30" xmlns:p8="xsi"/>
                        </Method>
                        <Method cyclomaticComplexity="1" nPathComplexity="1" sequenceCoverage="100" branchCoverage="100"
                                isConstructor="False" isGetter="True" isSetter="False" isStatic="True">
                            <Summary numSequencePoints="1" visitedSequencePoints="1" numBranchPoints="0"
                                     visitedBranchPoints="0" sequenceCoverage="100" branchCoverage="100"
                                     maxCyclomaticComplexity="1" minCyclomaticComplexity="1" visitedClasses="0"
                                     numClasses="0" visitedMethods="1" numMethods="1"/>
                            <MetadataToken/>
                            <Name>System.String ForkEat.Core.Contracts.Unit::get_Name()</Name>
                            <FileRef uid="30"/>
                            <SequencePoints>
                                <SequencePoint vc="19" uspid="8" ordinal="0" sl="8" sc="1" el="8" ec="2" bec="0" bev="0"
                                               fileid="30"/>
                            </SequencePoints>
                            <BranchPoints/>
                            <MethodPoint vc="1" uspid="0" p8:type="SequencePoint" ordinal="1" offset="1" sc="0" sl="8"
                                         ec="1" el="8" bec="0" bev="0" fileid="30" xmlns:p8="xsi"/>
                        </Method>
                        <Method cyclomaticComplexity="1" nPathComplexity="1" sequenceCoverage="100" branchCoverage="100"
                                isConstructor="False" isGetter="True" isSetter="False" isStatic="True">
                            <Summary numSequencePoints="1" visitedSequencePoints="1" numBranchPoints="0"
                                     visitedBranchPoints="0" sequenceCoverage="100" branchCoverage="100"
                                     maxCyclomaticComplexity="1" minCyclomaticComplexity="1" visitedClasses="0"
                                     numClasses="0" visitedMethods="1" numMethods="1"/>
                            <MetadataToken/>
                            <Name>System.String ForkEat.Core.Contracts.Unit::get_Symbol()</Name>
                            <FileRef uid="30"/>
                            <SequencePoints>
                                <SequencePoint vc="20" uspid="9" ordinal="0" sl="9" sc="1" el="9" ec="2" bec="0" bev="0"
                                               fileid="30"/>
                            </SequencePoints>
                            <BranchPoints/>
                            <MethodPoint vc="1" uspid="0" p8:type="SequencePoint" ordinal="2" offset="2" sc="0" sl="9"
                                         ec="1" el="9" bec="0" bev="0" fileid="30" xmlns:p8="xsi"/>
                        </Method>
                    </Methods>
                </Class>
            </Classes>
        </Module>
    </Modules>
</CoverageSession>